cvnou, 21
€, 16
1, 0
:, 3
intreg, 33
;, 4
cvnou, 21
€, 16
1, 1
:, 3
intreg, 33
;, 4
cvnou, 21
€, 16
1, 2
:, 3
intreg, 33
;, 4
citeste, 29
(, 9
€, 16
1, 0
), 10
;, 4
€, 16
1, 1
estiegal, 50
2, 0
;, 4
€, 16
1, 2
estiegal, 50
2, 1
;, 4
cattimp, 24
(, 9
€, 16
1, 2
maimicegal, 54
€, 16
1, 0
), 10
fa, 25
{, 13
€, 16
1, 1
estiegal, 50
€, 16
1, 1
adunate, 46
€, 16
1, 2
;, 4
€, 16
1, 2
estiegal, 50
€, 16
1, 2
adunate, 46
2, 1
;, 4
}, 14
scrie, 28
(, 9
2, 2
), 10
;, 4
scrie, 28
(, 9
€, 16
1, 1
), 10
;, 4
cvnou, 21
€, 16
1, 3
:, 3
sir, 38
(, 9
2, 3
), 10
de, 42
intreg, 33
;, 4
cvnou, 21
€, 16
1, 4
:, 3
intreg, 33
;, 4
cvnou, 21
€, 16
1, 5
:, 3
intreg, 33
;, 4
citeste, 29
(, 9
€, 16
1, 3
), 10
;, 4
€, 16
1, 4
estiegal, 50
2, 4
;, 4
€, 16
1, 5
estiegal, 50
2, 5
;, 4
€, 16
1, 2
estiegal, 50
2, 0
;, 4
cvnou, 21
€, 16
1, 6
:, 3
intreg, 33
;, 4
cattimp, 24
(, 9
€, 16
1, 2
maimic, 54
2, 3
), 10
fa, 25
{, 13
€, 16
1, 6
estiegal, 50
€, 16
1, 3
[, 11
€, 16
1, 2
], 12
;, 4
daca, 22
(, 9
€, 16
1, 6
maimare, 53
€, 16
1, 4
), 10
atunci, 30
{, 13
€, 16
1, 4
estiegal, 50
€, 16
1, 6
;, 4
}, 14
daca, 22
(, 9
€, 16
1, 6
maimic, 54
€, 16
1, 5
), 10
atunci, 30
{, 13
€, 16
1, 5
estiegal, 50
€, 16
1, 6
;, 4
}, 14
€, 16
1, 2
estiegal, 50
€, 16
1, 2
adunate, 46
2, 1
;, 4
}, 14
scrie, 28
(, 9
2, 6
), 10
;, 4
scrie, 28
(, 9
€, 16
1, 4
), 10
;, 4
scrie, 28
(, 9
2, 7
), 10
;, 4
scrie, 28
(, 9
€, 16
1, 5
), 10
;, 4
