cvnou, 21
€, 16
1, 0
:, 3
intreg, 33
;, 4
citeste, 29
(, 9
€, 16
1, 0
), 10
;, 4
cvnou, 21
€, 16
1, 1
:, 3
intreg, 33
;, 4
€, 16
1, 1
estiegal, 50
2, 0
;, 4
cvnou, 21
€, 16
1, 2
:, 3
intreg, 33
;, 4
€, 16
1, 2
estiegal, 50
2, 1
;, 4
cattimp, 24
(, 9
€, 16
1, 1
oriori, 48
€, 16
1, 1
maimicegal, 54
€, 16
1, 0
sisi, 19
€, 16
1, 2
verificaegal, 51
2, 1
), 10
fa, 25
{, 13
daca, 22
(, 9
€, 16
1, 0
lasuta, 57
€, 16
1, 1
verificaegal, 51
2, 2
), 10
atunci, 30
{, 13
€, 16
1, 2
estiegal, 50
2, 2
;, 4
}, 14
€, 16
1, 1
estiegal, 50
€, 16
1, 1
adunate, 46
2, 1
;, 4
}, 14
daca, 22
(, 9
€, 16
1, 2
verificaegal, 51
2, 1
), 10
atunci, 30
{, 13
scrie, 28
(, 9
2, 3
), 10
;, 4
}, 14
altfel, 23
{, 13
scrie, 28
(, 9
2, 4
), 10
;, 4
}, 14
cvnou, 21
€, 16
1, 3
:, 3
intreg, 33
;, 4
cvnou, 21
€, 16
1, 4
:, 3
intreg, 33
;, 4
scrie, 28
(, 9
2, 5
), 10
;, 4
citeste, 29
(, 9
€, 16
1, 3
), 10
;, 4
scrie, 28
(, 9
2, 6
), 10
;, 4
citeste, 29
(, 9
€, 16
1, 4
), 10
;, 4
cvnou, 21
€, 16
1, 5
:, 3
intreg, 33
;, 4
cattimp, 24
(, 9
€, 16
1, 4
verificanuegal, 52
2, 2
), 10
fa, 25
{, 13
€, 16
1, 5
estiegal, 50
€, 16
1, 3
lasuta, 57
€, 16
1, 4
;, 4
€, 16
1, 3
estiegal, 50
€, 16
1, 4
;, 4
€, 16
1, 4
estiegal, 50
€, 16
1, 5
;, 4
}, 14
scrie, 28
(, 9
2, 7
), 10
;, 4
scrie, 28
(, 9
€, 16
1, 3
), 10
;, 4
cvnou, 21
€, 16
1, 3
:, 3
intreg, 33
;, 4
cvnou, 21
€, 16
1, 4
:, 3
intreg, 33
;, 4
cvnou, 21
€, 16
1, 6
:, 3
intreg, 33
;, 4
scrie, 28
(, 9
2, 8
), 10
;, 4
scrie, 28
(, 9
2, 5
), 10
;, 4
citeste, 29
(, 9
€, 16
1, 3
), 10
;, 4
scrie, 28
(, 9
2, 6
), 10
;, 4
citeste, 29
(, 9
€, 16
1, 4
), 10
;, 4
scrie, 28
(, 9
2, 9
), 10
;, 4
citeste, 29
(, 9
€, 16
1, 6
), 10
;, 4
cvnou, 21
€, 16
1, 7
:, 3
intreg, 33
;, 4
€, 16
1, 7
estiegal, 50
€, 16
1, 4
oriori, 48
€, 16
1, 4
2, 10
oriori, 48
€, 16
1, 3
oriori, 48
€, 16
1, 6
;, 4
cvnou, 21
€, 16
1, 8
:, 3
real, 34
;, 4
cvnou, 21
€, 16
1, 9
:, 3
real, 34
;, 4
daca, 22
(, 9
€, 16
1, 7
maimic, 54
2, 2
), 10
atunci, 30
{, 13
scrie, 28
(, 9
2, 11
), 10
;, 4
}, 14
daca, 22
(, 9
€, 16
1, 7
verificaegal, 51
2, 2
), 10
atunci, 30
{, 13
€, 16
1, 8
estiegal, 50
(, 9
stergete, 47
€, 16
1, 4
), 10
orioriinvers, 48
(, 9
2, 0
oriori, 48
€, 16
1, 3
), 10
;, 4
scrie, 28
(, 9
2, 12
), 10
;, 4
scrie, 28
(, 9
€, 16
1, 8
), 10
;, 4
}, 14
€, 16
1, 8
estiegal, 50
(, 9
(, 9
stergete, 47
€, 16
1, 4
), 10
stergete, 47
(, 9
radical, 45
€, 16
1, 7
), 10
), 10
orioriinvers, 48
(, 9
2, 0
oriori, 48
€, 16
1, 3
), 10
;, 4
€, 16
1, 9
estiegal, 50
(, 9
(, 9
stergete, 47
€, 16
1, 4
), 10
adunate, 46
(, 9
radical, 45
€, 16
1, 7
), 10
), 10
orioriinvers, 48
(, 9
2, 0
oriori, 48
€, 16
1, 3
), 10
;, 4
scrie, 28
(, 9
2, 13
), 10
;, 4
scrie, 28
(, 9
€, 16
1, 8
), 10
;, 4
scrie, 28
(, 9
2, 14
), 10
;, 4
scrie, 28
(, 9
€, 16
1, 9
), 10
;, 4
