cvnou, 21
€, 16
1, 0
:, 3
intreg, 33
;, 4
cvnou, 21
€, 16
1, 1
:, 3
intreg, 33
;, 4
cvnou, 21
€, 16
1, 2
:, 3
intreg, 33
;, 4
citeste, 29
(, 9
€, 16
1, 0
), 10
;, 4
citeste, 29
(, 9
€, 16
1, 1
), 10
;, 4
citeste, 29
(, 9
€, 16
1, 2
), 10
;, 4
€, 16
1, 3
:, 3
intreg, 33
;, 4
€, 16
1, 3
estiegal, 50
€, 16
1, 0
;, 4
daca, 22
(, 9
€, 16
1, 3
maimare, 53
€, 16
1, 1
), 10
atunci, 30
{, 13
€, 16
1, 3
estiegal, 50
€, 16
1, 1
;, 4
}, 14
daca, 22
(, 9
€, 16
1, 3
maimare, 53
€, 16
1, 2
), 10
atunci, 30
{, 13
€, 16
1, 3
estiegal, 50
€, 16
1, 2
;, 4
}, 14
scrie, 28
(, 9
€, 16
1, 3
), 10
;, 4
