Identifier Symbol Table
{
	0 => []
	1 => []
	2 => []
	3 => []
	4 => []
	5 => []
	6 => []
	7 => []
	8 => []
	9 => []
	10 => []
	11 => []
	12 => []
	13 => []
	14 => []
	15 => []
	16 => []
	17 => []
	18 => []
	19 => []
	20 => []
	21 => []
	22 => []
	23 => []
	24 => []
	25 => []
	26 => []
	27 => [(remainder, 5)]
	28 => []
	29 => []
	30 => []
	31 => []
	32 => []
	33 => []
	34 => []
	35 => []
	36 => []
	37 => [(prime, 2)]
	38 => []
	39 => [(i, 1)]
	40 => [(d, 7)]
	41 => []
	42 => []
	43 => []
	44 => []
	45 => []
	46 => []
	47 => []
	48 => []
	49 => []
	50 => []
	51 => []
	52 => []
	53 => []
	54 => []
	55 => []
	56 => []
	57 => []
	58 => [(c, 6)]
	59 => []
	60 => []
	61 => []
	62 => []
	63 => []
	64 => []
	65 => [(x, 0), (b, 4)]
	66 => []
	67 => []
	68 => []
	69 => []
	70 => []
	71 => []
	72 => []
	73 => []
	74 => []
	75 => []
	76 => []
	77 => []
	78 => []
	79 => []
	80 => []
	81 => []
	82 => []
	83 => []
	84 => []
	85 => []
	86 => []
	87 => []
	88 => []
	89 => []
	90 => []
	91 => []
	92 => []
	93 => [(sol1, 8)]
	94 => []
	95 => []
	96 => [(sol2, 9)]
	97 => []
	98 => []
	99 => [(a, 3)]
}

Constant Symbol Table
{
	0 => [(0, 2)]
	1 => [(1, 1)]
	2 => [(2, 0)]
	3 => []
	4 => [(-4, 10)]
	5 => []
	6 => []
	7 => []
	8 => []
	9 => []
	10 => []
	11 => []
	12 => []
	13 => [("GCD is ", 7)]
	14 => []
	15 => []
	16 => [("a=", 5)]
	17 => []
	18 => []
	19 => []
	20 => []
	21 => [("Yes, it is prime!", 3)]
	22 => []
	23 => []
	24 => []
	25 => []
	26 => []
	27 => []
	28 => []
	29 => []
	30 => []
	31 => []
	32 => []
	33 => []
	34 => []
	35 => []
	36 => []
	37 => []
	38 => []
	39 => []
	40 => [("No real solutions.", 11)]
	41 => []
	42 => []
	43 => []
	44 => []
	45 => []
	46 => [("No, it is not prime.", 4)]
	47 => [("b=", 6)]
	48 => []
	49 => []
	50 => []
	51 => []
	52 => []
	53 => []
	54 => []
	55 => []
	56 => []
	57 => []
	58 => []
	59 => []
	60 => []
	61 => []
	62 => []
	63 => []
	64 => []
	65 => []
	66 => []
	67 => [("Unique solution ", 12)]
	68 => []
	69 => []
	70 => []
	71 => []
	72 => []
	73 => []
	74 => []
	75 => []
	76 => []
	77 => []
	78 => []
	79 => []
	80 => []
	81 => []
	82 => [("The ecuation: a*x^2 + b*x + c = 0\n", 8)]
	83 => []
	84 => []
	85 => []
	86 => [("c=", 9)]
	87 => []
	88 => []
	89 => []
	90 => []
	91 => []
	92 => []
	93 => [("2 solutions ", 13)]
	94 => []
	95 => []
	96 => []
	97 => []
	98 => []
	99 => [(" and ", 14)]
}