24-May-2023 14:21:42.103 INFO [main] org.apache.catalina.core.ApplicationContext.log SessionListener: contextDestroyed()
24-May-2023 14:21:42.103 INFO [main] org.apache.catalina.core.ApplicationContext.log ContextListener: contextDestroyed()
24-May-2023 14:21:43.709 INFO [main] org.apache.catalina.core.ApplicationContext.log ContextListener: contextInitialized()
24-May-2023 14:21:43.709 INFO [main] org.apache.catalina.core.ApplicationContext.log SessionListener: contextInitialized()
24-May-2023 14:21:43.710 INFO [main] org.apache.catalina.core.ApplicationContext.log ContextListener: attributeAdded('StockTicker', 'async.Stockticker@4cc76301')
24-May-2023 14:22:40.471 INFO [main] org.apache.catalina.core.ApplicationContext.log SessionListener: contextDestroyed()
24-May-2023 14:22:40.471 INFO [main] org.apache.catalina.core.ApplicationContext.log ContextListener: contextDestroyed()
24-May-2023 14:22:42.830 INFO [main] org.apache.catalina.core.ApplicationContext.log ContextListener: contextInitialized()
24-May-2023 14:22:42.830 INFO [main] org.apache.catalina.core.ApplicationContext.log SessionListener: contextInitialized()
24-May-2023 14:22:42.832 INFO [main] org.apache.catalina.core.ApplicationContext.log ContextListener: attributeAdded('StockTicker', 'async.Stockticker@3f19b8b3')
24-May-2023 14:23:20.445 INFO [main] org.apache.catalina.core.ApplicationContext.log SessionListener: contextDestroyed()
24-May-2023 14:23:20.445 INFO [main] org.apache.catalina.core.ApplicationContext.log ContextListener: contextDestroyed()
24-May-2023 14:23:22.019 INFO [main] org.apache.catalina.core.ApplicationContext.log ContextListener: contextInitialized()
24-May-2023 14:23:22.019 INFO [main] org.apache.catalina.core.ApplicationContext.log SessionListener: contextInitialized()
24-May-2023 14:23:22.020 INFO [main] org.apache.catalina.core.ApplicationContext.log ContextListener: attributeAdded('StockTicker', 'async.Stockticker@2f08c4b')
24-May-2023 14:24:37.235 INFO [main] org.apache.catalina.core.ApplicationContext.log SessionListener: contextDestroyed()
24-May-2023 14:24:37.235 INFO [main] org.apache.catalina.core.ApplicationContext.log ContextListener: contextDestroyed()
24-May-2023 14:24:39.081 INFO [main] org.apache.catalina.core.ApplicationContext.log ContextListener: contextInitialized()
24-May-2023 14:24:39.082 INFO [main] org.apache.catalina.core.ApplicationContext.log SessionListener: contextInitialized()
24-May-2023 14:24:39.083 INFO [main] org.apache.catalina.core.ApplicationContext.log ContextListener: attributeAdded('StockTicker', 'async.Stockticker@5dcbb60')
24-May-2023 14:27:06.522 INFO [main] org.apache.catalina.core.ApplicationContext.log ContextListener: contextInitialized()
24-May-2023 14:27:06.522 INFO [main] org.apache.catalina.core.ApplicationContext.log SessionListener: contextInitialized()
24-May-2023 14:27:06.524 INFO [main] org.apache.catalina.core.ApplicationContext.log ContextListener: attributeAdded('StockTicker', 'async.Stockticker@74cec793')
24-May-2023 14:27:06.618 INFO [main] org.apache.catalina.core.ApplicationContext.log SessionListener: contextDestroyed()
24-May-2023 14:27:06.619 INFO [main] org.apache.catalina.core.ApplicationContext.log ContextListener: contextDestroyed()
24-May-2023 14:27:26.209 INFO [main] org.apache.catalina.core.ApplicationContext.log ContextListener: contextInitialized()
24-May-2023 14:27:26.209 INFO [main] org.apache.catalina.core.ApplicationContext.log SessionListener: contextInitialized()
24-May-2023 14:27:26.210 INFO [main] org.apache.catalina.core.ApplicationContext.log ContextListener: attributeAdded('StockTicker', 'async.Stockticker@b672aa8')
24-May-2023 14:27:26.289 INFO [main] org.apache.catalina.core.ApplicationContext.log SessionListener: contextDestroyed()
24-May-2023 14:27:26.289 INFO [main] org.apache.catalina.core.ApplicationContext.log ContextListener: contextDestroyed()
24-May-2023 14:27:45.185 INFO [Thread-1] org.apache.catalina.core.ApplicationContext.log SessionListener: contextDestroyed()
24-May-2023 14:27:45.186 INFO [Thread-1] org.apache.catalina.core.ApplicationContext.log ContextListener: contextDestroyed()
24-May-2023 14:27:56.508 INFO [main] org.apache.catalina.core.ApplicationContext.log ContextListener: contextInitialized()
24-May-2023 14:27:56.508 INFO [main] org.apache.catalina.core.ApplicationContext.log SessionListener: contextInitialized()
24-May-2023 14:27:56.509 INFO [main] org.apache.catalina.core.ApplicationContext.log ContextListener: attributeAdded('StockTicker', 'async.Stockticker@7caa550')
24-May-2023 14:28:51.394 INFO [main] org.apache.catalina.core.ApplicationContext.log SessionListener: contextDestroyed()
24-May-2023 14:28:51.394 INFO [main] org.apache.catalina.core.ApplicationContext.log ContextListener: contextDestroyed()
24-May-2023 14:28:52.983 INFO [main] org.apache.catalina.core.ApplicationContext.log ContextListener: contextInitialized()
24-May-2023 14:28:52.983 INFO [main] org.apache.catalina.core.ApplicationContext.log SessionListener: contextInitialized()
24-May-2023 14:28:52.985 INFO [main] org.apache.catalina.core.ApplicationContext.log ContextListener: attributeAdded('StockTicker', 'async.Stockticker@7de0c6ae')
24-May-2023 14:29:38.367 INFO [main] org.apache.catalina.core.ApplicationContext.log SessionListener: contextDestroyed()
24-May-2023 14:29:38.368 INFO [main] org.apache.catalina.core.ApplicationContext.log ContextListener: contextDestroyed()
24-May-2023 14:29:40.042 INFO [main] org.apache.catalina.core.ApplicationContext.log ContextListener: contextInitialized()
24-May-2023 14:29:40.043 INFO [main] org.apache.catalina.core.ApplicationContext.log SessionListener: contextInitialized()
24-May-2023 14:29:40.044 INFO [main] org.apache.catalina.core.ApplicationContext.log ContextListener: attributeAdded('StockTicker', 'async.Stockticker@a486d78')
24-May-2023 14:35:00.922 INFO [main] org.apache.catalina.core.ApplicationContext.log SessionListener: contextDestroyed()
24-May-2023 14:35:00.922 INFO [main] org.apache.catalina.core.ApplicationContext.log ContextListener: contextDestroyed()
24-May-2023 14:35:03.874 INFO [main] org.apache.catalina.core.ApplicationContext.log ContextListener: contextInitialized()
24-May-2023 14:35:03.874 INFO [main] org.apache.catalina.core.ApplicationContext.log SessionListener: contextInitialized()
24-May-2023 14:35:03.876 INFO [main] org.apache.catalina.core.ApplicationContext.log ContextListener: attributeAdded('StockTicker', 'async.Stockticker@22c86919')
24-May-2023 21:41:18.598 INFO [main] org.apache.catalina.core.ApplicationContext.log SessionListener: contextDestroyed()
24-May-2023 21:41:18.598 INFO [main] org.apache.catalina.core.ApplicationContext.log ContextListener: contextDestroyed()
24-May-2023 21:41:20.336 INFO [main] org.apache.catalina.core.ApplicationContext.log ContextListener: contextInitialized()
24-May-2023 21:41:20.336 INFO [main] org.apache.catalina.core.ApplicationContext.log SessionListener: contextInitialized()
24-May-2023 21:41:20.337 INFO [main] org.apache.catalina.core.ApplicationContext.log ContextListener: attributeAdded('StockTicker', 'async.Stockticker@3f19b8b3')
24-May-2023 21:46:37.038 INFO [main] org.apache.catalina.core.ApplicationContext.log SessionListener: contextDestroyed()
24-May-2023 21:46:37.038 INFO [main] org.apache.catalina.core.ApplicationContext.log ContextListener: contextDestroyed()
24-May-2023 21:46:38.485 INFO [main] org.apache.catalina.core.ApplicationContext.log ContextListener: contextInitialized()
24-May-2023 21:46:38.485 INFO [main] org.apache.catalina.core.ApplicationContext.log SessionListener: contextInitialized()
24-May-2023 21:46:38.486 INFO [main] org.apache.catalina.core.ApplicationContext.log ContextListener: attributeAdded('StockTicker', 'async.Stockticker@2f08c4b')
