22-May-2023 10:49:41.378 INFO [main] org.apache.catalina.core.ApplicationContext.log ContextListener: contextInitialized()
22-May-2023 10:49:41.378 INFO [main] org.apache.catalina.core.ApplicationContext.log SessionListener: contextInitialized()
22-May-2023 10:49:41.380 INFO [main] org.apache.catalina.core.ApplicationContext.log ContextListener: attributeAdded('StockTicker', 'async.Stockticker@6fefce9e')
22-May-2023 10:49:41.463 INFO [main] org.apache.catalina.core.ApplicationContext.log SessionListener: contextDestroyed()
22-May-2023 10:49:41.463 INFO [main] org.apache.catalina.core.ApplicationContext.log ContextListener: contextDestroyed()
22-May-2023 10:49:48.227 INFO [main] org.apache.catalina.core.ApplicationContext.log ContextListener: contextInitialized()
22-May-2023 10:49:48.227 INFO [main] org.apache.catalina.core.ApplicationContext.log SessionListener: contextInitialized()
22-May-2023 10:49:48.228 INFO [main] org.apache.catalina.core.ApplicationContext.log ContextListener: attributeAdded('StockTicker', 'async.Stockticker@192f2f27')
22-May-2023 10:49:48.305 INFO [main] org.apache.catalina.core.ApplicationContext.log SessionListener: contextDestroyed()
22-May-2023 10:49:48.305 INFO [main] org.apache.catalina.core.ApplicationContext.log ContextListener: contextDestroyed()
22-May-2023 10:52:37.373 INFO [Thread-1] org.apache.catalina.core.ApplicationContext.log SessionListener: contextDestroyed()
22-May-2023 10:52:37.373 INFO [Thread-1] org.apache.catalina.core.ApplicationContext.log ContextListener: contextDestroyed()
22-May-2023 10:52:49.271 INFO [main] org.apache.catalina.core.ApplicationContext.log ContextListener: contextInitialized()
22-May-2023 10:52:49.271 INFO [main] org.apache.catalina.core.ApplicationContext.log SessionListener: contextInitialized()
22-May-2023 10:52:49.272 INFO [main] org.apache.catalina.core.ApplicationContext.log ContextListener: attributeAdded('StockTicker', 'async.Stockticker@2b52c0d6')
22-May-2023 10:53:16.478 INFO [main] org.apache.catalina.core.ApplicationContext.log SessionListener: contextDestroyed()
22-May-2023 10:53:16.478 INFO [main] org.apache.catalina.core.ApplicationContext.log ContextListener: contextDestroyed()
22-May-2023 10:53:18.233 INFO [main] org.apache.catalina.core.ApplicationContext.log ContextListener: contextInitialized()
22-May-2023 10:53:18.233 INFO [main] org.apache.catalina.core.ApplicationContext.log SessionListener: contextInitialized()
22-May-2023 10:53:18.234 INFO [main] org.apache.catalina.core.ApplicationContext.log ContextListener: attributeAdded('StockTicker', 'async.Stockticker@a486d78')
22-May-2023 10:55:28.401 INFO [main] org.apache.catalina.core.ApplicationContext.log SessionListener: contextDestroyed()
22-May-2023 10:55:28.401 INFO [main] org.apache.catalina.core.ApplicationContext.log ContextListener: contextDestroyed()
22-May-2023 10:55:49.480 INFO [main] org.apache.catalina.core.ApplicationContext.log ContextListener: contextInitialized()
22-May-2023 10:55:49.480 INFO [main] org.apache.catalina.core.ApplicationContext.log SessionListener: contextInitialized()
22-May-2023 10:55:49.481 INFO [main] org.apache.catalina.core.ApplicationContext.log ContextListener: attributeAdded('StockTicker', 'async.Stockticker@4cc76301')
22-May-2023 11:18:54.982 INFO [main] org.apache.catalina.core.ApplicationContext.log SessionListener: contextDestroyed()
22-May-2023 11:18:54.982 INFO [main] org.apache.catalina.core.ApplicationContext.log ContextListener: contextDestroyed()
22-May-2023 11:18:56.725 INFO [main] org.apache.catalina.core.ApplicationContext.log ContextListener: contextInitialized()
22-May-2023 11:18:56.725 INFO [main] org.apache.catalina.core.ApplicationContext.log SessionListener: contextInitialized()
22-May-2023 11:18:56.726 INFO [main] org.apache.catalina.core.ApplicationContext.log ContextListener: attributeAdded('StockTicker', 'async.Stockticker@5dcbb60')
